2020-10-14T03:14:59+00:00 - Controller pada direktori /Users/khairahman/Code/aplikasi/app/controllers/pages/welcome.php tidak wujud.
2020-10-14T03:18:19+00:00 - Controller pada direktori /Users/khairahman/Code/aplikasi/app/controllers/pages/welcome.php tidak wujud.
2020-10-14T03:19:19+00:00 - Controller pada direktori /Users/khairahman/Code/aplikasi/app/controllers/pages/welcome.php tidak wujud.
2020-10-14T03:23:42+00:00 - Controller pada direktori /Users/khairahman/Code/aplikasi/app/controllers/pages/welcome.php tidak wujud.
2020-10-14T03:30:28+00:00 - Layout pada direktori /Users/khairahman/Code/aplikasi/app/views/layouts/app.view.php tidak wujud.
2020-10-14T03:34:59+00:00 - View pada direktori /Users/khairahman/Code/aplikasi/app/views/welcome.view.php tidak wujud.
2020-10-14T03:35:58+00:00 - View pada direktori /Users/khairahman/Code/aplikasi/app/views/welcome.view.php tidak wujud.
2020-10-14T03:42:52+00:00 - View pada direktori /Users/khairahman/Code/aplikasi/app/views/welcome.view.php tidak wujud.
2020-10-14T03:43:09+00:00 - View pada direktori /Users/khairahman/Code/aplikasi/app/views/welcome.view.php tidak wujud.
2020-10-14T03:43:43+00:00 - Controller pada direktori /Users/khairahman/Code/aplikasi/app/controllers/auth/log-masuk.php tidak wujud.
2020-10-14T03:45:56+00:00 - View pada direktori /Users/khairahman/Code/aplikasi/app/views/auth/log-masuk.view.php tidak wujud.
2020-10-15T01:42:06+00:00 - Controller pada direktori /Users/khairahman/Code/aplikasi/app/controllers/pengguna/senarai.php tidak wujud.
2020-10-15T01:44:59+00:00 - View pada direktori /Users/khairahman/Code/aplikasi/app/views/pengguna/senarai.view.php tidak wujud.
2020-10-15T02:20:48+00:00 - Controller pada direktori /Users/khairahman/Code/aplikasi/app/controllers/pengguna/baru.php tidak wujud.
2020-10-15T02:20:51+00:00 - Controller pada direktori /Users/khairahman/Code/aplikasi/app/controllers/pengguna/baru.php tidak wujud.
2020-10-15T02:22:53+00:00 - View pada direktori /Users/khairahman/Code/aplikasi/app/views/pengguna/baru.view.php tidak wujud.
2020-10-15T02:29:36+00:00 - View pada direktori /Users/khairahman/Code/aplikasi/app/views/pennguna/baru.view.php tidak wujud.
2020-10-15T02:58:50+00:00 - Controller pada direktori /Users/khairahman/Code/aplikasi/app/controllers/pengguna/papar.php tidak wujud.
2020-10-15T02:59:12+00:00 - Controller pada direktori /Users/khairahman/Code/aplikasi/app/controllers/pengguna/papar.php tidak wujud.
2020-10-15T03:03:38+00:00 - Controller pada direktori /Users/khairahman/Code/aplikasi/app/controllers/pengguna/papar.php tidak wujud.
2020-10-15T03:06:04+00:00 - Controller pada direktori /Users/khairahman/Code/aplikasi/app/controllers/pengguna/papar.php tidak wujud.
2020-10-15T03:06:07+00:00 - Controller pada direktori /Users/khairahman/Code/aplikasi/app/controllers/pengguna/papar.php tidak wujud.
2020-10-15T03:06:16+00:00 - Controller pada direktori /Users/khairahman/Code/aplikasi/app/controllers/pengguna/kemaskini.php tidak wujud.
2020-10-15T03:06:31+00:00 - Controller pada direktori /Users/khairahman/Code/aplikasi/app/controllers/pengguna/papar.php tidak wujud.
2020-10-15T03:11:02+00:00 - View pada direktori /Users/khairahman/Code/aplikasi/app/views/pengguna/papar.view.php tidak wujud.
2020-10-15T03:25:17+00:00 - Controller pada direktori /Users/khairahman/Code/aplikasi/app/controllers/pengguna/buang.php tidak wujud.
2020-10-15T04:05:34+00:00 - Controller pada direktori /Users/khairahman/Code/aplikasi/app/controllers/pengguna/kemaskini.php tidak wujud.
2020-10-15T04:06:56+00:00 - View pada direktori /Users/khairahman/Code/aplikasi/app/views/pengguna/kemaskini.view.php tidak wujud.
2020-10-15T04:28:52+00:00 - Controller pada direktori /Users/khairahman/Code/aplikasi/app/controllers/pengguna/buang.php tidak wujud.
2020-10-15T04:59:52+00:00 - Controller pada direktori /Users/khairahman/Code/aplikasi/app/controllers/pengguna/buang.php tidak wujud.
